2020-07-17 16:19:24,860 ERROR 16532 [-/127.0.0.1/-/7ms GET /] nodejs.Error: Please set config.keys first
    at Application.get keys [as keys] (D:\project\bigger\server\node_modules\egg\lib\application.js:266:15)
    at Object.get cookies [as cookies] (D:\project\bigger\server\node_modules\egg\app\extend\context.js:22:66)
    at Object.get [egg-security#CSRF_SECRET] (D:\project\bigger\server\node_modules\egg-security\app\extend\context.js:91:35)
    at Object.ensureCsrfSecret (D:\project\bigger\server\node_modules\egg-security\app\extend\context.js:104:13)
    at csrf (D:\project\bigger\server\node_modules\egg-security\lib\middlewares\csrf.js:15:11)
    at dispatch (D:\project\bigger\server\node_modules\egg-security\node_modules\koa-compose\index.js:42:32)
    at D:\project\bigger\server\node_modules\egg-security\node_modules\koa-compose\index.js:34:12
    at dispatch (D:\project\bigger\server\node_modules\koa\node_modules\koa-compose\index.js:42:32)
    at session (D:\project\bigger\server\node_modules\koa-session\index.js:41:13)
    at dispatch (D:\project\bigger\server\node_modules\koa\node_modules\koa-compose\index.js:42:32)

pid: 16532
hostname: ZYB-20190515GNS

2020-07-17 16:19:38,547 ERROR 17604 [-/127.0.0.1/-/11ms GET /] nodejs.Error: Please set config.keys first
    at Application.get keys [as keys] (D:\project\bigger\server\node_modules\egg\lib\application.js:266:15)
    at Object.get cookies [as cookies] (D:\project\bigger\server\node_modules\egg\app\extend\context.js:22:66)
    at Object.get [egg-security#CSRF_SECRET] (D:\project\bigger\server\node_modules\egg-security\app\extend\context.js:91:35)
    at Object.ensureCsrfSecret (D:\project\bigger\server\node_modules\egg-security\app\extend\context.js:104:13)
    at csrf (D:\project\bigger\server\node_modules\egg-security\lib\middlewares\csrf.js:15:11)
    at dispatch (D:\project\bigger\server\node_modules\egg-security\node_modules\koa-compose\index.js:42:32)
    at D:\project\bigger\server\node_modules\egg-security\node_modules\koa-compose\index.js:34:12
    at dispatch (D:\project\bigger\server\node_modules\koa\node_modules\koa-compose\index.js:42:32)
    at session (D:\project\bigger\server\node_modules\koa-session\index.js:41:13)
    at dispatch (D:\project\bigger\server\node_modules\koa\node_modules\koa-compose\index.js:42:32)

pid: 17604
hostname: ZYB-20190515GNS

2020-07-17 16:32:08,244 ERROR 18140 [-/undefined/-/5025ms GET /news] nodejs.ConnectionTimeoutError: Connect timeout for 5000ms, GET https://hacker-news.firebaseio.com/v0/topstories.json -2 (connected: false, keepalive socket: false, agent status: {"createSocketCount":1,"createSocketErrorCount":0,"closeSocketCount":1,"errorSocketCount":0,"timeoutSocketCount":0,"requestCount":0,"freeSockets":{},"sockets":{},"requests":{}}, socketHandledRequests: 1, socketHandledResponses: 0)
headers: {}
headers: {}
    at Timeout._onTimeout (D:\project\bigger\server\node_modules\urllib\lib\urllib.js:946:15)
    at ontimeout (timers.js:436:11)
    at tryOnTimeout (timers.js:300:5)
    at listOnTimeout (timers.js:263:5)
    at Timer.processTimers (timers.js:223:10)
name: "ConnectionTimeoutError"
requestId: 1
data: undefined
path: "/v0/topstories.json?orderBy=%22%24key%22&startAt=%220%22&endAt=%224%22"
status: -2
headers: {}
res: {"status":-2,"statusCode":-2,"statusMessage":null,"headers":{},"size":0,"aborted":false,"rt":5016,"keepAliveSocket":false,"requestUrls":["https://hacker-news.firebaseio.com/v0/topstories.json"],"timing":null,"remoteAddress":"35.201.97.85","remotePort":"","socketHandledRequests":1,"socketHandledResponses":0}
headerSent: true
pid: 18140
hostname: ZYB-20190515GNS

2020-07-17 16:32:28,399 ERROR 18140 [-/::1/-/5006ms GET /news] nodejs.ConnectionTimeoutError: Connect timeout for 5000ms, GET https://hacker-news.firebaseio.com/v0/topstories.json -2 (connected: false, keepalive socket: false, agent status: {"createSocketCount":2,"createSocketErrorCount":0,"closeSocketCount":2,"errorSocketCount":0,"timeoutSocketCount":0,"requestCount":0,"freeSockets":{},"sockets":{},"requests":{}}, socketHandledRequests: 1, socketHandledResponses: 0)
headers: {}
headers: {}
    at Timeout._onTimeout (D:\project\bigger\server\node_modules\urllib\lib\urllib.js:946:15)
    at ontimeout (timers.js:436:11)
    at tryOnTimeout (timers.js:300:5)
    at listOnTimeout (timers.js:263:5)
    at Timer.processTimers (timers.js:223:10)
name: "ConnectionTimeoutError"
requestId: 2
data: undefined
path: "/v0/topstories.json?orderBy=%22%24key%22&startAt=%220%22&endAt=%224%22"
status: -2
headers: {}
res: {"status":-2,"statusCode":-2,"statusMessage":null,"headers":{},"size":0,"aborted":false,"rt":5004,"keepAliveSocket":false,"requestUrls":["https://hacker-news.firebaseio.com/v0/topstories.json"],"timing":null,"remoteAddress":"35.201.97.85","remotePort":"","socketHandledRequests":1,"socketHandledResponses":0}
pid: 18140
hostname: ZYB-20190515GNS

2020-07-17 16:32:42,202 ERROR 15956 [-/::1/-/5029ms GET /news] nodejs.ConnectionTimeoutError: Connect timeout for 5000ms, GET https://hacker-news.firebaseio.com/v0/topstories.json -2 (connected: false, keepalive socket: false, agent status: {"createSocketCount":1,"createSocketErrorCount":0,"closeSocketCount":1,"errorSocketCount":0,"timeoutSocketCount":0,"requestCount":0,"freeSockets":{},"sockets":{},"requests":{}}, socketHandledRequests: 1, socketHandledResponses: 0)
headers: {}
headers: {}
    at Timeout._onTimeout (D:\project\bigger\server\node_modules\urllib\lib\urllib.js:946:15)
    at ontimeout (timers.js:436:11)
    at tryOnTimeout (timers.js:300:5)
    at listOnTimeout (timers.js:263:5)
    at Timer.processTimers (timers.js:223:10)
name: "ConnectionTimeoutError"
requestId: 1
data: undefined
path: "/v0/topstories.json?orderBy=%22%24key%22&startAt=%220%22&endAt=%224%22"
status: -2
headers: {}
res: {"status":-2,"statusCode":-2,"statusMessage":null,"headers":{},"size":0,"aborted":false,"rt":5019,"keepAliveSocket":false,"requestUrls":["https://hacker-news.firebaseio.com/v0/topstories.json"],"timing":null,"remoteAddress":"35.201.97.85","remotePort":"","socketHandledRequests":1,"socketHandledResponses":0}
pid: 15956
hostname: ZYB-20190515GNS

